[2016-03-23 12:59:45.518] Easy.Framework.demo.Web.MvcApplication 1：网站启动
[2016-03-23 12:59:46.218] Easy.Framework.demo.Web.MvcApplication 1：依赖注入初始化完成
[2016-03-23 12:59:46.226] Easy.Framework.demo.Web.MvcApplication 1：数据库初始化完成
[2016-03-23 13:03:45.109] Easy.Framework.demo.Web.MvcApplication 1：网站启动
[2016-03-23 13:03:47.652] Easy.Framework.demo.Web.MvcApplication 1：依赖注入初始化完成
[2016-03-23 13:03:47.662] Easy.Framework.demo.Web.MvcApplication 1：数据库初始化完成
[2016-03-23 13:05:45.034] Easy.Framework.demo.Web.MvcApplication 1：网站启动
[2016-03-23 13:05:45.521] Easy.Framework.demo.Web.MvcApplication 1：依赖注入初始化完成
[2016-03-23 13:05:45.529] Easy.Framework.demo.Web.MvcApplication 1：数据库初始化完成
[2016-03-23 13:06:14.308] Easy.Framework.demo.Web.MvcApplication 1：网站启动
[2016-03-23 13:06:14.909] Easy.Framework.demo.Web.MvcApplication 1：依赖注入初始化完成
[2016-03-23 13:06:14.918] Easy.Framework.demo.Web.MvcApplication 1：数据库初始化完成
[2016-03-23 13:08:14.724] Easy.Framework.demo.Web.MvcApplication 1：网站启动
[2016-03-23 13:08:16.033] Easy.Framework.demo.Web.MvcApplication 1：依赖注入初始化完成
[2016-03-23 13:08:16.042] Easy.Framework.demo.Web.MvcApplication 1：数据库初始化完成
[2016-03-23 13:08:52.804] Easy.Framework.demo.Web.MvcApplication 1：网站启动
[2016-03-23 13:08:53.486] Easy.Framework.demo.Web.MvcApplication 1：依赖注入初始化完成
[2016-03-23 13:08:53.495] Easy.Framework.demo.Web.MvcApplication 1：数据库初始化完成
[2016-03-23 13:10:19.347] Easy.Framework.demo.Web.MvcApplication 1：网站启动
[2016-03-23 13:10:20.102] Easy.Framework.demo.Web.MvcApplication 1：依赖注入初始化完成
[2016-03-23 13:10:20.157] Easy.Framework.demo.Web.MvcApplication 1：数据库初始化完成
[2016-03-23 13:32:28.779] Easy.Framework.Site.Web.MvcApplication 38：网站启动
[2016-03-23 13:32:29.541] Easy.Framework.Site.Web.MvcApplication 38：依赖注入初始化完成
[2016-03-23 13:32:29.593] Easy.Framework.Site.Web.MvcApplication 38：数据库初始化完成
[2016-03-23 13:34:01.278] Easy.Framework.Site.Web.MvcApplication 38：网站启动
[2016-03-23 13:34:02.021] Easy.Framework.Site.Web.MvcApplication 38：依赖注入初始化完成
[2016-03-23 13:34:02.075] Easy.Framework.Site.Web.MvcApplication 38：数据库初始化完成
[2016-03-23 13:35:44.737] Easy.Framework.Site.Web.MvcApplication 1：网站启动
[2016-03-23 13:35:45.268] Easy.Framework.Site.Web.MvcApplication 1：依赖注入初始化完成
[2016-03-23 13:35:46.112] Easy.Framework.Site.Web.MvcApplication 1：数据库初始化完成
[2016-03-23 13:36:11.551] Easy.Framework.Site.Web.MvcApplication 1：网站启动
[2016-03-23 13:36:13.402] Easy.Framework.Site.Web.MvcApplication 1：依赖注入初始化完成
[2016-03-23 13:36:13.452] Easy.Framework.Site.Web.MvcApplication 1：数据库初始化完成
[2016-03-23 13:41:48.096] Easy.Framework.Site.Web.MvcApplication 1：网站启动
[2016-03-23 13:41:48.731] Easy.Framework.Site.Web.MvcApplication 1：依赖注入初始化完成
[2016-03-23 13:41:48.785] Easy.Framework.Site.Web.MvcApplication 1：数据库初始化完成
[2016-03-23 13:49:19.092] Easy.Framework.Site.Web.MvcApplication 1：网站启动
[2016-03-23 13:49:19.574] Easy.Framework.Site.Web.MvcApplication 1：依赖注入初始化完成
[2016-03-23 13:49:19.583] Easy.Framework.Site.Web.MvcApplication 1：数据库初始化完成
[2016-03-23 13:51:17.960] Easy.Framework.Site.Web.MvcApplication 1：网站启动
[2016-03-23 13:51:18.613] Easy.Framework.Site.Web.MvcApplication 1：依赖注入初始化完成
[2016-03-23 13:51:18.669] Easy.Framework.Site.Web.MvcApplication 1：数据库初始化完成
[2016-03-23 14:00:49.950] Easy.Framework.Site.Web.MvcApplication 1：网站启动
[2016-03-23 14:00:50.584] Easy.Framework.Site.Web.MvcApplication 1：依赖注入初始化完成
[2016-03-23 14:00:50.638] Easy.Framework.Site.Web.MvcApplication 1：数据库初始化完成
[2016-03-23 14:01:25.627] Easy.Framework.Site.Web.MvcApplication 1：网站启动
[2016-03-23 14:01:26.123] Easy.Framework.Site.Web.MvcApplication 1：依赖注入初始化完成
[2016-03-23 14:01:26.132] Easy.Framework.Site.Web.MvcApplication 1：数据库初始化完成
[2016-03-23 14:04:47.323] Easy.Framework.Site.Web.MvcApplication 1：网站启动
[2016-03-23 14:04:48.599] Easy.Framework.Site.Web.MvcApplication 1：依赖注入初始化完成
[2016-03-23 14:04:48.667] Easy.Framework.Site.Web.MvcApplication 1：数据库初始化完成
[2016-03-23 14:06:29.504] Easy.Framework.Site.Web.MvcApplication 1：网站启动
[2016-03-23 14:06:30.876] Easy.Framework.Site.Web.MvcApplication 1：依赖注入初始化完成
[2016-03-23 14:06:30.912] Easy.Framework.Site.Web.MvcApplication 1：数据库初始化完成
[2016-03-23 14:07:02.629] Easy.Framework.Site.Web.MvcApplication 1：网站启动
[2016-03-23 14:07:03.129] Easy.Framework.Site.Web.MvcApplication 1：依赖注入初始化完成
[2016-03-23 14:07:03.137] Easy.Framework.Site.Web.MvcApplication 1：数据库初始化完成
[2016-03-23 14:11:29.180] Easy.Framework.Site.Web.MvcApplication 1：网站启动
[2016-03-23 14:11:29.892] Easy.Framework.Site.Web.MvcApplication 1：依赖注入初始化完成
[2016-03-23 14:11:29.953] Easy.Framework.Site.Web.MvcApplication 1：数据库初始化完成
[2016-03-23 14:16:18.251] Easy.Framework.Site.Web.MvcApplication 1：网站启动
[2016-03-23 14:16:18.748] Easy.Framework.Site.Web.MvcApplication 1：依赖注入初始化完成
[2016-03-23 14:16:18.761] Easy.Framework.Site.Web.MvcApplication 1：数据库初始化完成
[2016-03-23 14:16:45.049] Easy.Framework.Site.Web.MvcApplication 1：网站启动
[2016-03-23 14:16:45.658] Easy.Framework.Site.Web.MvcApplication 1：依赖注入初始化完成
[2016-03-23 14:16:45.711] Easy.Framework.Site.Web.MvcApplication 1：数据库初始化完成
[2016-03-23 14:18:29.868] Easy.Framework.Site.Web.MvcApplication 1：网站启动
[2016-03-23 14:18:30.473] Easy.Framework.Site.Web.MvcApplication 1：依赖注入初始化完成
[2016-03-23 14:18:30.526] Easy.Framework.Site.Web.MvcApplication 1：数据库初始化完成
[2016-03-23 14:20:07.971] Easy.Framework.Site.Web.MvcApplication 16：网站启动
[2016-03-23 14:20:08.453] Easy.Framework.Site.Web.MvcApplication 16：依赖注入初始化完成
[2016-03-23 14:20:08.516] Easy.Framework.Site.Web.MvcApplication 16：数据库初始化完成
[2016-03-23 14:22:07.584] Easy.Framework.Site.Web.MvcApplication 16：网站启动
[2016-03-23 14:22:08.190] Easy.Framework.Site.Web.MvcApplication 16：依赖注入初始化完成
[2016-03-23 14:22:08.242] Easy.Framework.Site.Web.MvcApplication 16：数据库初始化完成
[2016-03-23 14:24:33.108] Easy.Framework.Site.Web.MvcApplication 1：网站启动
[2016-03-23 14:24:34.280] Easy.Framework.Site.Web.MvcApplication 1：依赖注入初始化完成
[2016-03-23 14:24:34.313] Easy.Framework.Site.Web.MvcApplication 1：数据库初始化完成
[2016-03-23 14:37:50.875] Easy.Framework.Site.Web.MvcApplication 1：网站启动
[2016-03-23 14:37:51.380] Easy.Framework.Site.Web.MvcApplication 1：依赖注入初始化完成
[2016-03-23 14:37:51.389] Easy.Framework.Site.Web.MvcApplication 1：数据库初始化完成
[2016-03-23 14:41:51.761] Easy.Framework.Site.Web.MvcApplication 1：网站启动
[2016-03-23 14:41:52.641] Easy.Framework.Site.Web.MvcApplication 1：依赖注入初始化完成
[2016-03-23 14:41:52.650] Easy.Framework.Site.Web.MvcApplication 1：数据库初始化完成
[2016-03-23 15:07:02.617] Easy.Framework.Site.Web.MvcApplication 1：网站启动
[2016-03-23 15:07:03.377] Easy.Framework.Site.Web.MvcApplication 1：依赖注入初始化完成
[2016-03-23 15:07:03.395] Easy.Framework.Site.Web.MvcApplication 1：数据库初始化完成
[2016-03-23 15:08:27.907] Easy.Framework.Site.Web.MvcApplication 1：网站启动
[2016-03-23 15:08:28.644] Easy.Framework.Site.Web.MvcApplication 1：依赖注入初始化完成
[2016-03-23 15:08:28.701] Easy.Framework.Site.Web.MvcApplication 1：数据库初始化完成
[2016-03-23 15:10:14.399] Easy.Framework.Site.Web.MvcApplication 1：网站启动
[2016-03-23 15:10:14.924] Easy.Framework.Site.Web.MvcApplication 1：依赖注入初始化完成
[2016-03-23 15:10:14.933] Easy.Framework.Site.Web.MvcApplication 1：数据库初始化完成
[2016-03-23 15:18:34.087] Easy.Framework.Site.Web.MvcApplication 1：网站启动
[2016-03-23 15:18:34.808] Easy.Framework.Site.Web.MvcApplication 1：依赖注入初始化完成
[2016-03-23 15:18:34.893] Easy.Framework.Site.Web.MvcApplication 1：数据库初始化完成
[2016-03-23 15:45:00.936] Easy.Framework.Site.Web.MvcApplication 42：网站启动
[2016-03-23 15:45:01.556] Easy.Framework.Site.Web.MvcApplication 42：依赖注入初始化完成
[2016-03-23 15:45:01.613] Easy.Framework.Site.Web.MvcApplication 42：数据库初始化完成
[2016-03-23 15:46:26.651] Easy.Framework.Site.Web.MvcApplication 42：网站启动
[2016-03-23 15:46:27.317] Easy.Framework.Site.Web.MvcApplication 42：依赖注入初始化完成
[2016-03-23 15:46:27.370] Easy.Framework.Site.Web.MvcApplication 42：数据库初始化完成
[2016-03-23 15:49:06.793] Easy.Framework.Site.Web.MvcApplication 1：网站启动
[2016-03-23 15:49:07.325] Easy.Framework.Site.Web.MvcApplication 1：依赖注入初始化完成
[2016-03-23 15:49:07.357] Easy.Framework.Site.Web.MvcApplication 1：数据库初始化完成
[2016-03-23 15:49:56.464] Easy.Framework.Site.Web.MvcApplication 1：网站启动
[2016-03-23 15:49:57.064] Easy.Framework.Site.Web.MvcApplication 1：依赖注入初始化完成
[2016-03-23 15:49:57.116] Easy.Framework.Site.Web.MvcApplication 1：数据库初始化完成
[2016-03-23 15:51:38.671] Easy.Framework.Site.Web.MvcApplication 42：网站启动
[2016-03-23 15:51:39.280] Easy.Framework.Site.Web.MvcApplication 42：依赖注入初始化完成
[2016-03-23 15:51:39.366] Easy.Framework.Site.Web.MvcApplication 42：数据库初始化完成
[2016-03-23 15:52:23.272] Easy.Framework.Site.Web.MvcApplication 1：网站启动
[2016-03-23 15:52:24.613] Easy.Framework.Site.Web.MvcApplication 1：依赖注入初始化完成
[2016-03-23 15:52:24.677] Easy.Framework.Site.Web.MvcApplication 1：数据库初始化完成
[2016-03-23 15:56:06.883] Easy.Framework.Site.Web.MvcApplication 1：网站启动
[2016-03-23 15:56:07.459] Easy.Framework.Site.Web.MvcApplication 1：依赖注入初始化完成
[2016-03-23 15:56:07.468] Easy.Framework.Site.Web.MvcApplication 1：数据库初始化完成
[2016-03-23 16:00:59.804] Easy.Framework.Site.Web.MvcApplication 1：网站启动
[2016-03-23 16:01:02.008] Easy.Framework.Site.Web.MvcApplication 1：依赖注入初始化完成
[2016-03-23 16:01:02.083] Easy.Framework.Site.Web.MvcApplication 1：数据库初始化完成
[2016-03-23 16:01:36.549] Easy.Framework.Site.Web.MvcApplication 1：网站启动
[2016-03-23 16:01:37.176] Easy.Framework.Site.Web.MvcApplication 1：依赖注入初始化完成
[2016-03-23 16:01:37.230] Easy.Framework.Site.Web.MvcApplication 1：数据库初始化完成
[2016-03-23 16:01:57.762] Easy.Framework.Site.Web.MvcApplication 1：网站启动
[2016-03-23 16:01:58.406] Easy.Framework.Site.Web.MvcApplication 1：依赖注入初始化完成
[2016-03-23 16:01:58.459] Easy.Framework.Site.Web.MvcApplication 1：数据库初始化完成
[2016-03-23 16:03:23.940] Easy.Framework.Site.Web.MvcApplication 1：网站启动
[2016-03-23 16:03:24.555] Easy.Framework.Site.Web.MvcApplication 1：依赖注入初始化完成
[2016-03-23 16:03:24.608] Easy.Framework.Site.Web.MvcApplication 1：数据库初始化完成
[2016-03-23 16:04:37.761] Easy.Framework.Site.Web.MvcApplication 1：网站启动
[2016-03-23 16:04:38.271] Easy.Framework.Site.Web.MvcApplication 1：依赖注入初始化完成
[2016-03-23 16:04:38.339] Easy.Framework.Site.Web.MvcApplication 1：数据库初始化完成
[2016-03-23 16:13:32.287] Easy.Framework.Site.Web.MvcApplication 1：网站启动
[2016-03-23 16:13:33.150] Easy.Framework.Site.Web.MvcApplication 1：依赖注入初始化完成
[2016-03-23 16:13:33.163] Easy.Framework.Site.Web.MvcApplication 1：数据库初始化完成
[2016-03-23 16:15:06.543] Easy.Framework.Site.Web.MvcApplication 1：网站启动
[2016-03-23 16:15:07.049] Easy.Framework.Site.Web.MvcApplication 1：依赖注入初始化完成
[2016-03-23 16:15:07.057] Easy.Framework.Site.Web.MvcApplication 1：数据库初始化完成
[2016-03-23 16:16:40.377] Easy.Framework.Site.Web.MvcApplication 1：网站启动
[2016-03-23 16:16:41.394] Easy.Framework.Site.Web.MvcApplication 1：依赖注入初始化完成
[2016-03-23 16:16:41.402] Easy.Framework.Site.Web.MvcApplication 1：数据库初始化完成
[2016-03-23 16:19:18.966] Easy.Framework.Site.Web.MvcApplication 1：网站启动
[2016-03-23 16:19:20.263] Easy.Framework.Site.Web.MvcApplication 1：依赖注入初始化完成
[2016-03-23 16:19:20.472] Easy.Framework.Site.Web.MvcApplication 1：数据库初始化完成
[2016-03-23 16:20:05.574] Easy.Framework.Site.Web.MvcApplication 1：网站启动
[2016-03-23 16:20:06.227] Easy.Framework.Site.Web.MvcApplication 1：依赖注入初始化完成
[2016-03-23 16:20:06.282] Easy.Framework.Site.Web.MvcApplication 1：数据库初始化完成
[2016-03-23 16:20:22.649] Easy.Framework.Site.Web.MvcApplication 1：网站启动
[2016-03-23 16:20:23.286] Easy.Framework.Site.Web.MvcApplication 1：依赖注入初始化完成
[2016-03-23 16:20:23.341] Easy.Framework.Site.Web.MvcApplication 1：数据库初始化完成
[2016-03-23 16:22:40.489] Easy.Framework.Site.Web.MvcApplication 1：网站启动
[2016-03-23 16:22:41.148] Easy.Framework.Site.Web.MvcApplication 1：依赖注入初始化完成
[2016-03-23 16:22:41.158] Easy.Framework.Site.Web.MvcApplication 1：数据库初始化完成
[2016-03-23 16:26:07.021] Easy.Framework.Site.Web.MvcApplication 1：网站启动
[2016-03-23 16:26:07.515] Easy.Framework.Site.Web.MvcApplication 1：依赖注入初始化完成
[2016-03-23 16:26:07.523] Easy.Framework.Site.Web.MvcApplication 1：数据库初始化完成
[2016-03-23 16:27:09.719] Easy.Framework.Site.Web.MvcApplication 1：网站启动
[2016-03-23 16:27:10.345] Easy.Framework.Site.Web.MvcApplication 1：依赖注入初始化完成
[2016-03-23 16:27:10.401] Easy.Framework.Site.Web.MvcApplication 1：数据库初始化完成
[2016-03-23 16:34:49.427] Easy.Framework.Site.Web.MvcApplication 1：网站启动
[2016-03-23 16:34:50.069] Easy.Framework.Site.Web.MvcApplication 1：依赖注入初始化完成
[2016-03-23 16:34:50.125] Easy.Framework.Site.Web.MvcApplication 1：数据库初始化完成
[2016-03-23 16:40:43.539] Easy.Framework.Site.Web.MvcApplication 1：网站启动
[2016-03-23 16:40:44.171] Easy.Framework.Site.Web.MvcApplication 1：依赖注入初始化完成
[2016-03-23 16:40:44.226] Easy.Framework.Site.Web.MvcApplication 1：数据库初始化完成
[2016-03-23 16:45:44.543] Easy.Framework.Site.Web.MvcApplication 1：网站启动
[2016-03-23 16:45:45.177] Easy.Framework.Site.Web.MvcApplication 1：依赖注入初始化完成
[2016-03-23 16:45:45.231] Easy.Framework.Site.Web.MvcApplication 1：数据库初始化完成
[2016-03-23 16:51:39.216] Easy.Framework.Site.Web.MvcApplication 1：网站启动
[2016-03-23 16:51:39.896] Easy.Framework.Site.Web.MvcApplication 1：依赖注入初始化完成
[2016-03-23 16:51:39.950] Easy.Framework.Site.Web.MvcApplication 1：数据库初始化完成
[2016-03-23 16:52:29.329] Easy.Framework.Site.Web.MvcApplication 1：网站启动
[2016-03-23 16:52:29.880] Easy.Framework.Site.Web.MvcApplication 1：依赖注入初始化完成
[2016-03-23 16:52:29.901] Easy.Framework.Site.Web.MvcApplication 1：数据库初始化完成
[2016-03-23 16:54:21.111] Easy.Framework.Site.Web.MvcApplication 1：网站启动
[2016-03-23 16:54:21.746] Easy.Framework.Site.Web.MvcApplication 1：依赖注入初始化完成
[2016-03-23 16:54:21.800] Easy.Framework.Site.Web.MvcApplication 1：数据库初始化完成
[2016-03-23 16:56:32.071] Easy.Framework.Site.Web.MvcApplication 10：网站启动
[2016-03-23 16:56:32.676] Easy.Framework.Site.Web.MvcApplication 10：依赖注入初始化完成
[2016-03-23 16:56:32.729] Easy.Framework.Site.Web.MvcApplication 10：数据库初始化完成
[2016-03-23 16:57:41.797] Easy.Framework.Site.Web.MvcApplication 10：网站启动
[2016-03-23 16:57:42.396] Easy.Framework.Site.Web.MvcApplication 10：依赖注入初始化完成
[2016-03-23 16:57:42.448] Easy.Framework.Site.Web.MvcApplication 10：数据库初始化完成
[2016-03-23 16:58:24.386] Easy.Framework.Site.Web.MvcApplication 10：网站启动
[2016-03-23 16:58:25.013] Easy.Framework.Site.Web.MvcApplication 10：依赖注入初始化完成
[2016-03-23 16:58:25.066] Easy.Framework.Site.Web.MvcApplication 10：数据库初始化完成
[2016-03-23 16:59:36.844] Easy.Framework.Site.Web.MvcApplication 10：网站启动
[2016-03-23 16:59:37.479] Easy.Framework.Site.Web.MvcApplication 10：依赖注入初始化完成
[2016-03-23 16:59:37.533] Easy.Framework.Site.Web.MvcApplication 10：数据库初始化完成
[2016-03-23 17:01:03.869] Easy.Framework.Site.Web.MvcApplication 10：网站启动
[2016-03-23 17:01:04.569] Easy.Framework.Site.Web.MvcApplication 10：依赖注入初始化完成
[2016-03-23 17:01:04.623] Easy.Framework.Site.Web.MvcApplication 10：数据库初始化完成
[2016-03-23 17:03:22.529] Easy.Framework.Site.Web.MvcApplication 10：网站启动
[2016-03-23 17:03:23.020] Easy.Framework.Site.Web.MvcApplication 10：依赖注入初始化完成
[2016-03-23 17:03:23.031] Easy.Framework.Site.Web.MvcApplication 10：数据库初始化完成
[2016-03-23 17:03:54.829] Easy.Framework.Site.Web.MvcApplication 10：网站启动
[2016-03-23 17:03:55.438] Easy.Framework.Site.Web.MvcApplication 10：依赖注入初始化完成
[2016-03-23 17:03:55.492] Easy.Framework.Site.Web.MvcApplication 10：数据库初始化完成
[2016-03-23 17:04:19.457] Easy.Framework.Site.Web.MvcApplication 10：网站启动
[2016-03-23 17:04:20.090] Easy.Framework.Site.Web.MvcApplication 10：依赖注入初始化完成
[2016-03-23 17:04:20.142] Easy.Framework.Site.Web.MvcApplication 10：数据库初始化完成
[2016-03-23 17:13:36.786] Easy.Framework.Site.Web.MvcApplication 10：网站启动
[2016-03-23 17:13:37.408] Easy.Framework.Site.Web.MvcApplication 10：依赖注入初始化完成
[2016-03-23 17:13:37.462] Easy.Framework.Site.Web.MvcApplication 10：数据库初始化完成
[2016-03-23 17:13:57.685] Easy.Framework.Site.Web.MvcApplication 10：网站启动
[2016-03-23 17:13:58.306] Easy.Framework.Site.Web.MvcApplication 10：依赖注入初始化完成
[2016-03-23 17:13:58.360] Easy.Framework.Site.Web.MvcApplication 10：数据库初始化完成
[2016-03-23 17:14:37.559] Easy.Framework.Site.Web.MvcApplication 10：网站启动
[2016-03-23 17:14:38.180] Easy.Framework.Site.Web.MvcApplication 10：依赖注入初始化完成
[2016-03-23 17:14:38.233] Easy.Framework.Site.Web.MvcApplication 10：数据库初始化完成
